<?xml version="1.0" encoding="UTF-8"?>
<!-- Generated by org.testng.reporters.JUnitReportReporter -->
<testsuite hostname="DESKTOP-1RSIF0N" failures="0" tests="1" name="rahulshettyacademy.tests.main" time="113.843" errors="0" timestamp="2023-11-13T14:13:04 IST" skipped="0">
  <testcase classname="rahulshettyacademy.tests.main" name="roundTrip" time="113.843"/>
  <system-out/>
</testsuite> <!-- rahulshettyacademy.tests.main -->
