<?xml version="1.0" encoding="UTF-8"?>
<!-- Generated by org.testng.reporters.JUnitReportReporter -->
<testsuite hostname="DESKTOP-1RSIF0N" failures="0" tests="1" name="bmpd.tests.FilterValidation" time="61.905" errors="0" timestamp="2023-11-13T16:38:37 IST" skipped="0">
  <testcase classname="bmpd.tests.FilterValidation" name="numberofAirlinesValidation" time="61.905"/>
  <system-out/>
</testsuite> <!-- bmpd.tests.FilterValidation -->
